<?xml version="1.0" encoding="utf-8"?><testsuites name="pytest tests"><testsuite name="pytest" errors="0" failures="0" skipped="0" tests="19" time="5.721" timestamp="2026-01-23T08:12:30.256846+00:00" hostname="agent-env-ef797ad7-e403-4241-a5a6-114ac661181c"><testcase classname="backend.tests.test_taff_otopark_api.TestAuthentication" name="test_admin_login_success" time="0.629" /><testcase classname="backend.tests.test_taff_otopark_api.TestAuthentication" name="test_staff_login_success" time="0.261" /><testcase classname="backend.tests.test_taff_otopark_api.TestAuthentication" name="test_login_invalid_credentials" time="0.041" /><testcase classname="backend.tests.test_taff_otopark_api.TestAuthentication" name="test_get_current_user" time="0.296" /><testcase classname="backend.tests.test_taff_otopark_api.TestVehicles" name="test_get_vehicles_list" time="0.512" /><testcase classname="backend.tests.test_taff_otopark_api.TestVehicles" name="test_get_vehicle_detail" time="0.519" /><testcase classname="backend.tests.test_taff_otopark_api.TestVehicles" name="test_vehicles_unauthorized" time="0.041" /><testcase classname="backend.tests.test_taff_otopark_api.TestPendingApprovals" name="test_get_pending_approval_vehicles" time="0.449" /><testcase classname="backend.tests.test_taff_otopark_api.TestUserManagement" name="test_get_users_list" time="0.295" /><testcase classname="backend.tests.test_taff_otopark_api.TestUserManagement" name="test_users_list_staff_forbidden" time="0.290" /><testcase classname="backend.tests.test_taff_otopark_api.TestCompanies" name="test_get_companies_list" time="0.032" /><testcase classname="backend.tests.test_taff_otopark_api.TestBrands" name="test_get_brands_list" time="0.038" /><testcase classname="backend.tests.test_taff_otopark_api.TestLocations" name="test_get_locations_list" time="0.034" /><testcase classname="backend.tests.test_taff_otopark_api.TestDepartments" name="test_get_departments_list" time="0.290" /><testcase classname="backend.tests.test_taff_otopark_api.TestTestDrives" name="test_get_test_drives_for_vehicle" time="0.490" /><testcase classname="backend.tests.test_taff_otopark_api.TestVehicleDelivery" name="test_deliver_vehicle_requires_early_delivery_reason" time="0.498" /><testcase classname="backend.tests.test_taff_otopark_api.TestRegistration" name="test_register_new_user" time="0.263" /><testcase classname="backend.tests.test_taff_otopark_api.TestRegistration" name="test_register_duplicate_email" time="0.034" /><testcase classname="backend.tests.test_taff_otopark_api.TestFinalReport" name="test_get_final_report" time="0.541" /></testsuite></testsuites>