<?xml version="1.0" encoding="utf-8"?><testsuites name="pytest tests"><testsuite name="pytest" errors="0" failures="0" skipped="0" tests="19" time="5.954" timestamp="2026-01-22T13:22:36.806876+00:00" hostname="agent-env-2f5dbe3b-dc02-4ab9-a5d8-8b054e31b135"><testcase classname="tests.test_taff_otopark.TestAuthentication" name="test_api_root" time="0.073" /><testcase classname="tests.test_taff_otopark.TestAuthentication" name="test_admin_login" time="0.264" /><testcase classname="tests.test_taff_otopark.TestAuthentication" name="test_staff_login" time="0.260" /><testcase classname="tests.test_taff_otopark.TestAuthentication" name="test_invalid_login" time="0.042" /><testcase classname="tests.test_taff_otopark.TestAuthentication" name="test_auth_me_endpoint" time="0.303" /><testcase classname="tests.test_taff_otopark.TestCompanies" name="test_get_companies" time="0.303" /><testcase classname="tests.test_taff_otopark.TestCompanies" name="test_create_and_delete_company" time="0.343" /><testcase classname="tests.test_taff_otopark.TestBrands" name="test_get_brands" time="0.296" /><testcase classname="tests.test_taff_otopark.TestBrands" name="test_create_and_delete_brand" time="0.346" /><testcase classname="tests.test_taff_otopark.TestLocations" name="test_get_locations" time="0.340" /><testcase classname="tests.test_taff_otopark.TestLocations" name="test_create_and_delete_location" time="0.339" /><testcase classname="tests.test_taff_otopark.TestUsers" name="test_get_users_as_admin" time="0.302" /><testcase classname="tests.test_taff_otopark.TestUsers" name="test_get_users_as_staff_forbidden" time="0.298" /><testcase classname="tests.test_taff_otopark.TestVehicles" name="test_get_vehicles_as_admin" time="0.431" /><testcase classname="tests.test_taff_otopark.TestVehicles" name="test_get_vehicles_as_staff" time="0.448" /><testcase classname="tests.test_taff_otopark.TestVehicles" name="test_get_vehicle_detail" time="0.488" /><testcase classname="tests.test_taff_otopark.TestReports" name="test_user_summary_report" time="0.328" /><testcase classname="tests.test_taff_otopark.TestRoleBasedAccess" name="test_admin_can_delete_vehicle" time="0.302" /><testcase classname="tests.test_taff_otopark.TestRoleBasedAccess" name="test_staff_cannot_delete_vehicle" time="0.302" /></testsuite></testsuites>